2015-12-21 12:28:21.715 INFO [tvw/session.cpp:88]Link 0x7fca7c0009e0 connected
2015-12-21 12:31:23.862 INFO [tvw/session.cpp:156]Link 0x7fca7c0009e0 disconnect
2015-12-21 14:02:00.755 INFO [tvw/session.cpp:88]Link 0x7f41500009e0 connected
2015-12-21 14:02:49.352 INFO [tvw/session.cpp:156]Link 0x7f41500009e0 disconnect
2015-12-21 14:03:22.591 INFO [tvw/session.cpp:88]Link 0x7f89bc0009e0 connected
2016-01-13 15:12:50.103 INFO [tvw/session.cpp:88]Link 0x7f69ac0009e0 connected
2016-01-14 11:15:47.532 INFO [tvw/session.cpp:93]Connect 192.168.1.175:0 failure 
2016-01-14 11:15:59.422 INFO [tvw/session.cpp:88]Link 0x7f8bcc0009e0 connected
2016-01-14 11:21:40.168 INFO [tvw/session.cpp:156]Link 0x7f8bcc0009e0 disconnect
2016-01-15 10:08:38.046 INFO [tvw/session.cpp:93]Connect 192.168.1.175:0 failure 
2016-01-15 10:08:50.194 INFO [tvw/session.cpp:88]Link 0x7f33580009e0 connected
2016-01-15 10:09:01.309 INFO [tvw/session.cpp:156]Link 0x7f33580009e0 disconnect
2016-01-15 10:09:18.740 INFO [tvw/session.cpp:88]Link 0x7fd3980009e0 connected
2016-01-15 10:10:18.753 INFO [tvw/session.cpp:88]Link 0x7ffff00009e0 connected
2016-01-15 10:11:49.766 INFO [tvw/session.cpp:88]Link 0x7ffff00009e0 connected
2016-01-15 10:14:41.777 INFO [tvw/session.cpp:156]Link 0x7ffff00009e0 disconnect
2016-01-15 10:14:48.338 INFO [tvw/session.cpp:93]Connect 192.168.1.16:0 failure 
2016-01-15 10:14:59.571 INFO [tvw/session.cpp:88]Link 0x7ffff00009e0 connected
2016-01-15 10:15:35.387 INFO [tvw/session.cpp:156]Link 0x7ffff00009e0 disconnect
2016-01-15 10:16:53.989 INFO [tvw/session.cpp:88]Link 0x7ffff00009e0 connected
2016-01-15 10:17:41.803 INFO [tvw/session.cpp:156]Link 0x7ffff00009e0 disconnect
2016-01-15 10:20:05.301 INFO [tvw/session.cpp:88]Link 0x7ffff00009e0 connected
2016-01-15 10:21:11.304 INFO [tvw/session.cpp:88]Link 0x7ffff00009e0 connected
2016-01-15 10:22:39.951 INFO [tvw/session.cpp:93]Connect 192.168.1.16:0 failure 
2016-01-15 10:22:49.714 INFO [tvw/session.cpp:88]Link 0x7ffff00009e0 connected
2016-01-15 10:38:45.463 INFO [tvw/session.cpp:88]Link 0x7ffff00009e0 connected
2016-01-15 10:47:39.526 INFO [tvw/session.cpp:88]Link 0x7ffff00009e0 connected
2016-01-15 10:50:42.534 INFO [tvw/session.cpp:88]Link 0x7ffff00009e0 connected
2016-01-20 11:46:14.493 INFO [tvw/session.cpp:88]Link 0x7f41b40009e0 connected
2016-01-20 11:46:35.382 INFO [tvw/session.cpp:156]Link 0x7f41b40009e0 disconnect
2016-01-28 13:28:00.109 INFO [tvw/session.cpp:88]Link 0x7f4a740009e0 connected
2016-01-28 13:28:00.915 INFO [tvw/session.cpp:156]Link 0x7f4a740009e0 disconnect
2016-01-28 13:28:35.894 INFO [tvw/session.cpp:88]Link 0x7f1a640009e0 connected
2016-01-28 13:29:24.878 INFO [tvw/session.cpp:156]Link 0x7f1a640009e0 disconnect
2016-01-28 13:44:48.552 INFO [tvw/session.cpp:88]Link 0x7fd4f40009e0 connected
2016-01-28 13:45:51.537 INFO [tvw/session.cpp:156]Link 0x7fd4f40009e0 disconnect
2016-01-28 13:47:14.081 INFO [tvw/session.cpp:88]Link 0x7ff31c0009e0 connected
2016-01-28 13:48:28.919 INFO [tvw/session.cpp:88]Link 0x7fc3500009e0 connected
2016-01-28 13:49:22.270 INFO [tvw/session.cpp:156]Link 0x7fc3500009e0 disconnect
2016-01-28 13:50:07.559 INFO [tvw/session.cpp:88]Link 0x7fe0f40009e0 connected
2016-01-29 15:29:59.946 INFO [tvw/session.cpp:88]Link 0x7f2abc0009e0 connected
2016-01-29 15:31:21.814 INFO [tvw/session.cpp:88]Link 0x7f96580009e0 connected
2016-02-23 16:48:05.739 ERROR Open backend.ini error -1
2016-02-23 16:48:05.739 INFO Event loop starts
2016-02-23 16:48:05.739 INFO Event loop stops
